d:\visualstudio関係\卒業制作2期\すらいむあくしょん\20190118\制作フォルダ\debug\vc141.pdb
d:\visualstudio関係\卒業制作2期\すらいむあくしょん\20190118\制作フォルダ\debug\vc141.idb
d:\visualstudio関係\卒業制作2期\すらいむあくしょん\20190118\制作フォルダ\debug\task_back.obj
d:\visualstudio関係\卒業制作2期\すらいむあくしょん\20190118\制作フォルダ\debug\mypg.obj
d:\visualstudio関係\卒業制作2期\すらいむあくしょん\20190118\制作フォルダ\debug\mylib.obj
d:\visualstudio関係\卒業制作2期\すらいむあくしょん\20190118\制作フォルダ\debug\gameengine_ver3_7.obj
d:\visualstudio関係\卒業制作2期\すらいむあくしょん\20190118\制作フォルダ\debug\easing.obj
d:\visualstudio関係\卒業制作2期\すらいむあくしょん\20190118\制作フォルダ\debug\dm2008_ver1_3.obj
d:\visualstudio関係\卒業制作2期\すらいむあくしょん\20190118\制作フォルダ\debug\di2014_ver3_4.obj
d:\visualstudio関係\卒業制作2期\すらいむあくしょん\20190118\制作フォルダ\debug\dg2014_vertexcontainer.obj
d:\visualstudio関係\卒業制作2期\すらいむあくしょん\20190118\制作フォルダ\debug\dg2014_vertexbuffer.obj
d:\visualstudio関係\卒業制作2期\すらいむあくしょん\20190118\制作フォルダ\debug\dg2014_ver3_51.obj
d:\visualstudio関係\卒業制作2期\すらいむあくしょん\20190118\制作フォルダ\debug\dg2014_texture.obj
d:\visualstudio関係\卒業制作2期\すらいむあくしょん\20190118\制作フォルダ\debug\dg2014_meshsobfile.obj
d:\visualstudio関係\卒業制作2期\すらいむあくしょん\20190118\制作フォルダ\debug\dg2014_mesh.obj
d:\visualstudio関係\卒業制作2期\すらいむあくしょん\20190118\制作フォルダ\debug\dg2014_inputlayout.obj
d:\visualstudio関係\卒業制作2期\すらいむあくしょん\20190118\制作フォルダ\debug\dg2014_indexbuffer.obj
d:\visualstudio関係\卒業制作2期\すらいむあくしょん\20190118\制作フォルダ\debug\dg2014_image.obj
d:\visualstudio関係\卒業制作2期\すらいむあくしょん\20190118\制作フォルダ\debug\dg2014_font.obj
d:\visualstudio関係\卒業制作2期\すらいむあくしょん\20190118\制作フォルダ\debug\dg2014_effect.obj
d:\visualstudio関係\卒業制作2期\すらいむあくしょん\20190118\制作フォルダ\debug\dg2014_dgobject.obj
d:\visualstudio関係\卒業制作2期\すらいむあくしょん\20190118\制作フォルダ\debug\bchara.obj
d:\visualstudio関係\卒業制作2期\すらいむあくしょん\20190118\制作フォルダ\debug\xnacollision.obj
d:\visualstudio関係\卒業制作2期\すらいむあくしょん\20190118\制作フォルダ\debug\winmain.obj
d:\visualstudio関係\卒業制作2期\すらいむあくしょん\20190118\制作フォルダ\debug\task_hp.obj
d:\visualstudio関係\卒業制作2期\すらいむあくしょん\20190118\制作フォルダ\debug\task_toge.obj
d:\visualstudio関係\卒業制作2期\すらいむあくしょん\20190118\制作フォルダ\debug\task_title.obj
d:\visualstudio関係\卒業制作2期\すらいむあくしょん\20190118\制作フォルダ\debug\task_start.obj
d:\visualstudio関係\卒業制作2期\すらいむあくしょん\20190118\制作フォルダ\debug\task_stagenumber.obj
d:\visualstudio関係\卒業制作2期\すらいむあくしょん\20190118\制作フォルダ\debug\task_result.obj
d:\visualstudio関係\卒業制作2期\すらいむあくしょん\20190118\制作フォルダ\debug\task_player.obj
d:\visualstudio関係\卒業制作2期\すらいむあくしょん\20190118\制作フォルダ\debug\task_map2d.obj
d:\visualstudio関係\卒業制作2期\すらいむあくしょん\20190118\制作フォルダ\debug\task_key.obj
d:\visualstudio関係\卒業制作2期\すらいむあくしょん\20190118\制作フォルダ\debug\task_goal.obj
d:\visualstudio関係\卒業制作2期\すらいむあくしょん\20190118\制作フォルダ\debug\task_game.obj
d:\visualstudio関係\卒業制作2期\すらいむあくしょん\20190118\制作フォルダ\debug\task_end.obj
d:\visualstudio関係\卒業制作2期\すらいむあくしょん\20190118\制作フォルダ\debug\task_camera.obj
d:\visualstudio関係\卒業制作2期\すらいむあくしょん\20190118\制作フォルダ\debug\task_block.obj
d:\visualstudio関係\卒業制作2期\すらいむあくしょん\20190122\制作フォルダ\debug\vc141.pdb
d:\visualstudio関係\卒業制作2期\すらいむあくしょん\20190122\制作フォルダ\debug\vc141.idb
d:\visualstudio関係\卒業制作2期\すらいむあくしょん\20190122\制作フォルダ\debug\task_stagenumber.obj
d:\visualstudio関係\卒業制作2期\すらいむあくしょん\20190122\制作フォルダ\debug\task_result.obj
d:\visualstudio関係\卒業制作2期\すらいむあくしょん\20190122\制作フォルダ\debug\task_player.obj
d:\visualstudio関係\卒業制作2期\すらいむあくしょん\20190122\制作フォルダ\debug\task_map2d.obj
d:\visualstudio関係\卒業制作2期\すらいむあくしょん\20190122\制作フォルダ\debug\task_key.obj
d:\visualstudio関係\卒業制作2期\すらいむあくしょん\20190122\制作フォルダ\debug\task_hp.obj
d:\visualstudio関係\卒業制作2期\すらいむあくしょん\20190122\制作フォルダ\debug\task_goal.obj
d:\visualstudio関係\卒業制作2期\すらいむあくしょん\20190122\制作フォルダ\debug\task_game.obj
d:\visualstudio関係\卒業制作2期\すらいむあくしょん\20190122\制作フォルダ\debug\task_end.obj
d:\visualstudio関係\卒業制作2期\すらいむあくしょん\20190122\制作フォルダ\debug\task_camera.obj
d:\visualstudio関係\卒業制作2期\すらいむあくしょん\20190122\制作フォルダ\debug\task_block.obj
d:\visualstudio関係\卒業制作2期\すらいむあくしょん\20190122\制作フォルダ\debug\task_back.obj
d:\visualstudio関係\卒業制作2期\すらいむあくしょん\20190122\制作フォルダ\debug\mypg.obj
d:\visualstudio関係\卒業制作2期\すらいむあくしょん\20190122\制作フォルダ\debug\gameengine_ver3_7.obj
d:\visualstudio関係\卒業制作2期\すらいむあくしょん\20190122\制作フォルダ\debug\dm2008_ver1_3.obj
d:\visualstudio関係\卒業制作2期\すらいむあくしょん\20190122\制作フォルダ\debug\di2014_ver3_4.obj
d:\visualstudio関係\卒業制作2期\すらいむあくしょん\20190122\制作フォルダ\debug\dg2014_vertexcontainer.obj
d:\visualstudio関係\卒業制作2期\すらいむあくしょん\20190122\制作フォルダ\debug\dg2014_vertexbuffer.obj
d:\visualstudio関係\卒業制作2期\すらいむあくしょん\20190122\制作フォルダ\debug\dg2014_ver3_51.obj
d:\visualstudio関係\卒業制作2期\すらいむあくしょん\20190122\制作フォルダ\debug\dg2014_texture.obj
d:\visualstudio関係\卒業制作2期\すらいむあくしょん\20190122\制作フォルダ\debug\xnacollision.obj
d:\visualstudio関係\卒業制作2期\すらいむあくしょん\20190122\制作フォルダ\debug\mylib.obj
d:\visualstudio関係\卒業制作2期\すらいむあくしょん\20190122\制作フォルダ\debug\easing.obj
d:\visualstudio関係\卒業制作2期\すらいむあくしょん\20190122\制作フォルダ\debug\winmain.obj
d:\visualstudio関係\卒業制作2期\すらいむあくしょん\20190122\制作フォルダ\debug\task_toge.obj
d:\visualstudio関係\卒業制作2期\すらいむあくしょん\20190122\制作フォルダ\debug\task_title.obj
d:\visualstudio関係\卒業制作2期\すらいむあくしょん\20190122\制作フォルダ\debug\task_start.obj
d:\visualstudio関係\卒業制作2期\すらいむあくしょん\20190118\制作フォルダ\debug\gpg.exe
d:\visualstudio関係\卒業制作2期\すらいむあくしょん\20190118\制作フォルダ\debug\gpg.ilk
d:\visualstudio関係\卒業制作2期\すらいむあくしょん\20190118\制作フォルダ\debug\gpg.pdb
d:\visualstudio関係\卒業制作2期\すらいむあくしょん\20190122\制作フォルダ\debug\gpg.exe
d:\visualstudio関係\卒業制作2期\すらいむあくしょん\20190122\制作フォルダ\debug\gpg.ilk
d:\visualstudio関係\卒業制作2期\すらいむあくしょん\20190122\制作フォルダ\debug\gpg.pdb
d:\visualstudio関係\卒業制作2期\すらいむあくしょん\20190122\制作フォルダ\debug\bchara.obj
d:\visualstudio関係\卒業制作2期\すらいむあくしょん\20190122\制作フォルダ\debug\dg2014_dgobject.obj
d:\visualstudio関係\卒業制作2期\すらいむあくしょん\20190122\制作フォルダ\debug\dg2014_effect.obj
d:\visualstudio関係\卒業制作2期\すらいむあくしょん\20190122\制作フォルダ\debug\dg2014_font.obj
d:\visualstudio関係\卒業制作2期\すらいむあくしょん\20190122\制作フォルダ\debug\dg2014_image.obj
d:\visualstudio関係\卒業制作2期\すらいむあくしょん\20190122\制作フォルダ\debug\dg2014_indexbuffer.obj
d:\visualstudio関係\卒業制作2期\すらいむあくしょん\20190122\制作フォルダ\debug\dg2014_inputlayout.obj
d:\visualstudio関係\卒業制作2期\すらいむあくしょん\20190122\制作フォルダ\debug\dg2014_mesh.obj
d:\visualstudio関係\卒業制作2期\すらいむあくしょん\20190122\制作フォルダ\debug\dg2014_meshsobfile.obj
d:\visualstudio関係\卒業制作2期\すらいむあくしょん\20190122\制作フォルダ\debug\gpg.tlog\cl.command.1.tlog
d:\visualstudio関係\卒業制作2期\すらいむあくしょん\20190122\制作フォルダ\debug\gpg.tlog\cl.read.1.tlog
d:\visualstudio関係\卒業制作2期\すらいむあくしょん\20190122\制作フォルダ\debug\gpg.tlog\cl.write.1.tlog
d:\visualstudio関係\卒業制作2期\すらいむあくしょん\20190122\制作フォルダ\debug\gpg.tlog\link.command.1.tlog
d:\visualstudio関係\卒業制作2期\すらいむあくしょん\20190122\制作フォルダ\debug\gpg.tlog\link.read.1.tlog
d:\visualstudio関係\卒業制作2期\すらいむあくしょん\20190122\制作フォルダ\debug\gpg.tlog\link.write.1.tlog
